This file contains any messages produced by compilers while
running configure, to aid debugging if configure makes a mistake.

It was created by configure, which was
generated by GNU Autoconf 2.59.  Invocation command line was

  $ ./configure 

## --------- ##
## Platform. ##
## --------- ##

hostname = chapram.nitw.ac.in
uname -m = i686
uname -r = 2.6.38.6-26.rc1.fc15.i686.PAE
uname -s = Linux
uname -v = #1 SMP Mon May 9 20:36:50 UTC 2011

/usr/bin/uname -p = unknown
/bin/uname -X     = unknown

/bin/arch              = i686
/usr/bin/arch -k       = unknown
/usr/convex/getsysinfo = unknown
hostinfo               = unknown
/bin/machine           = unknown
/usr/bin/oslevel       = unknown
/bin/universe          = unknown

PATH: /usr/lib/ccache
PATH: /usr/local/bin
PATH: /usr/bin
PATH: /bin
PATH: /usr/local/sbin
PATH: /usr/sbin
PATH: /sbin
PATH: /home/chapram/bin


## ----------- ##
## Core tests. ##
## ----------- ##

configure:1297: checking for nasm
configure:1315: found /usr/local/bin/nasm
configure:1327: result: /usr/local/bin/nasm
configure:1409: checking for gcc
configure:1425: found /usr/lib/ccache/gcc
configure:1435: result: gcc
configure:1679: checking for C compiler version
configure:1682: gcc --version </dev/null >&5
gcc (GCC) 4.6.0 20110428 (Red Hat 4.6.0-6)
Copyright (C) 2011 Free Software Foundation, Inc.
This is free software; see the source for copying conditions.  There is NO
warranty; not even for MERCHANTABILITY or FITNESS FOR A PARTICULAR PURPOSE.

configure:1685: $? = 0
configure:1687: gcc -v </dev/null >&5
Using built-in specs.
COLLECT_GCC=/usr/bin/gcc
COLLECT_LTO_WRAPPER=/usr/libexec/gcc/i686-redhat-linux/4.6.0/lto-wrapper
Target: i686-redhat-linux
Configured with: ../configure --prefix=/usr --mandir=/usr/share/man --infodir=/usr/share/info --with-bugurl=http://bugzilla.redhat.com/bugzilla --enable-bootstrap --enable-shared --enable-threads=posix --enable-checking=release --with-system-zlib --enable-__cxa_atexit --disable-libunwind-exceptions --enable-gnu-unique-object --enable-linker-build-id --enable-languages=c,c++,objc,obj-c++,java,fortran,ada,go,lto --enable-plugin --enable-java-awt=gtk --disable-dssi --with-java-home=/usr/lib/jvm/java-1.5.0-gcj-1.5.0.0/jre --enable-libgcj-multifile --enable-java-maintainer-mode --with-ecj-jar=/usr/share/java/eclipse-ecj.jar --disable-libjava-multilib --with-ppl --with-cloog --with-tune=generic --with-arch=i686 --build=i686-redhat-linux
Thread model: posix
gcc version 4.6.0 20110428 (Red Hat 4.6.0-6) (GCC) 
configure:1690: $? = 0
configure:1692: gcc -V </dev/null >&5
gcc: error: unrecognized option '-V'
gcc: fatal error: no input files
compilation terminated.
configure:1695: $? = 4
configure:1718: checking for C compiler default output file name
configure:1721: gcc    conftest.c  >&5
configure:1724: $? = 0
configure:1770: result: a.out
configure:1775: checking whether the C compiler works
configure:1781: ./a.out
configure:1784: $? = 0
configure:1801: result: yes
configure:1808: checking whether we are cross compiling
configure:1810: result: no
configure:1813: checking for suffix of executables
configure:1815: gcc -o conftest    conftest.c  >&5
configure:1818: $? = 0
configure:1843: result: 
configure:1849: checking for suffix of object files
configure:1870: gcc -c   conftest.c >&5
configure:1873: $? = 0
configure:1895: result: o
configure:1899: checking whether we are using the GNU C compiler
configure:1923: gcc -c   conftest.c >&5
configure:1929: $? = 0
configure:1933: test -z 
			 || test ! -s conftest.err
configure:1936: $? = 0
configure:1939: test -s conftest.o
configure:1942: $? = 0
configure:1955: result: yes
configure:1961: checking whether gcc accepts -g
configure:1982: gcc -c -g  conftest.c >&5
configure:1988: $? = 0
configure:1992: test -z 
			 || test ! -s conftest.err
configure:1995: $? = 0
configure:1998: test -s conftest.o
configure:2001: $? = 0
configure:2012: result: yes
configure:2029: checking for gcc option to accept ANSI C
configure:2099: gcc  -c -g -O2  conftest.c >&5
configure:2105: $? = 0
configure:2109: test -z 
			 || test ! -s conftest.err
configure:2112: $? = 0
configure:2115: test -s conftest.o
configure:2118: $? = 0
configure:2136: result: none needed
configure:2154: gcc -c -g -O2  conftest.c >&5
conftest.c:2:3: error: unknown type name 'choke'
conftest.c:2:3: error: expected '=', ',', ';', 'asm' or '__attribute__' at end of input
configure:2160: $? = 1
configure: failed program was:
| #ifndef __cplusplus
|   choke me
| #endif
configure:2293: checking whether ln -s works
configure:2297: result: yes
configure:2304: checking whether make sets $(MAKE)
configure:2324: result: yes
configure:2417: checking for a BSD-compatible install
configure:2472: result: /usr/bin/install -c
configure:2495: checking for nroff
configure:2511: found /usr/bin/nroff
configure:2521: result: nroff
configure:2540: checking how to run the C preprocessor
configure:2575: gcc -E  conftest.c
configure:2581: $? = 0
configure:2613: gcc -E  conftest.c
conftest.c:9:28: fatal error: ac_nonexistent.h: No such file or directory
compilation terminated.
configure:2619: $? = 1
configure: failed program was:
| /* confdefs.h.  */
| 
| #define PACKAGE_NAME ""
| #define PACKAGE_TARNAME ""
| #define PACKAGE_VERSION ""
| #define PACKAGE_STRING ""
| #define PACKAGE_BUGREPORT ""
| /* end confdefs.h.  */
| #include <ac_nonexistent.h>
configure:2658: result: gcc -E
configure:2682: gcc -E  conftest.c
configure:2688: $? = 0
configure:2720: gcc -E  conftest.c
conftest.c:9:28: fatal error: ac_nonexistent.h: No such file or directory
compilation terminated.
configure:2726: $? = 1
configure: failed program was:
| /* confdefs.h.  */
| 
| #define PACKAGE_NAME ""
| #define PACKAGE_TARNAME ""
| #define PACKAGE_VERSION ""
| #define PACKAGE_STRING ""
| #define PACKAGE_BUGREPORT ""
| /* end confdefs.h.  */
| #include <ac_nonexistent.h>
configure:2770: checking for egrep
configure:2780: result: grep -E
configure:2785: checking for ANSI C header files
configure:2810: gcc -c -g -O2  conftest.c >&5
configure:2816: $? = 0
configure:2820: test -z 
			 || test ! -s conftest.err
configure:2823: $? = 0
configure:2826: test -s conftest.o
configure:2829: $? = 0
configure:2918: gcc -o conftest -g -O2   conftest.c  >&5
conftest.c: In function 'main':
conftest.c:26:7: warning: incompatible implicit declaration of built-in function 'exit' [enabled by default]
configure:2921: $? = 0
configure:2923: ./conftest
configure:2926: $? = 0
configure:2941: result: yes
configure:2971: checking for sys/types.h
configure:2987: gcc -c -g -O2  conftest.c >&5
configure:2993: $? = 0
configure:2997: test -z 
			 || test ! -s conftest.err
configure:3000: $? = 0
configure:3003: test -s conftest.o
configure:3006: $? = 0
configure:3017: result: yes
configure:2971: checking for sys/stat.h
configure:2987: gcc -c -g -O2  conftest.c >&5
configure:2993: $? = 0
configure:2997: test -z 
			 || test ! -s conftest.err
configure:3000: $? = 0
configure:3003: test -s conftest.o
configure:3006: $? = 0
configure:3017: result: yes
configure:2971: checking for stdlib.h
configure:2987: gcc -c -g -O2  conftest.c >&5
configure:2993: $? = 0
configure:2997: test -z 
			 || test ! -s conftest.err
configure:3000: $? = 0
configure:3003: test -s conftest.o
configure:3006: $? = 0
configure:3017: result: yes
configure:2971: checking for string.h
configure:2987: gcc -c -g -O2  conftest.c >&5
configure:2993: $? = 0
configure:2997: test -z 
			 || test ! -s conftest.err
configure:3000: $? = 0
configure:3003: test -s conftest.o
configure:3006: $? = 0
configure:3017: result: yes
configure:2971: checking for memory.h
configure:2987: gcc -c -g -O2  conftest.c >&5
configure:2993: $? = 0
configure:2997: test -z 
			 || test ! -s conftest.err
configure:3000: $? = 0
configure:3003: test -s conftest.o
configure:3006: $? = 0
configure:3017: result: yes
configure:2971: checking for strings.h
configure:2987: gcc -c -g -O2  conftest.c >&5
configure:2993: $? = 0
configure:2997: test -z 
			 || test ! -s conftest.err
configure:3000: $? = 0
configure:3003: test -s conftest.o
configure:3006: $? = 0
configure:3017: result: yes
configure:2971: checking for inttypes.h
configure:2987: gcc -c -g -O2  conftest.c >&5
configure:2993: $? = 0
configure:2997: test -z 
			 || test ! -s conftest.err
configure:3000: $? = 0
configure:3003: test -s conftest.o
configure:3006: $? = 0
configure:3017: result: yes
configure:2971: checking for stdint.h
configure:2987: gcc -c -g -O2  conftest.c >&5
configure:2993: $? = 0
configure:2997: test -z 
			 || test ! -s conftest.err
configure:3000: $? = 0
configure:3003: test -s conftest.o
configure:3006: $? = 0
configure:3017: result: yes
configure:2971: checking for unistd.h
configure:2987: gcc -c -g -O2  conftest.c >&5
configure:2993: $? = 0
configure:2997: test -z 
			 || test ! -s conftest.err
configure:3000: $? = 0
configure:3003: test -s conftest.o
configure:3006: $? = 0
configure:3017: result: yes
configure:3043: checking limits.h usability
configure:3055: gcc -c -g -O2  conftest.c >&5
configure:3061: $? = 0
configure:3065: test -z 
			 || test ! -s conftest.err
configure:3068: $? = 0
configure:3071: test -s conftest.o
configure:3074: $? = 0
configure:3084: result: yes
configure:3088: checking limits.h presence
configure:3098: gcc -E  conftest.c
configure:3104: $? = 0
configure:3124: result: yes
configure:3159: checking for limits.h
configure:3166: result: yes
configure:3185: checking for an ANSI C-conforming const
configure:3252: gcc -c -g -O2  conftest.c >&5
configure:3258: $? = 0
configure:3262: test -z 
			 || test ! -s conftest.err
configure:3265: $? = 0
configure:3268: test -s conftest.o
configure:3271: $? = 0
configure:3282: result: yes
configure:3298: checking for size_t
configure:3322: gcc -c -g -O2  conftest.c >&5
configure:3328: $? = 0
configure:3332: test -z 
			 || test ! -s conftest.err
configure:3335: $? = 0
configure:3338: test -s conftest.o
configure:3341: $? = 0
configure:3352: result: yes
configure:3374: checking for vprintf
configure:3431: gcc -o conftest -g -O2   conftest.c  >&5
conftest.c:44:6: warning: conflicting types for built-in function 'vprintf' [enabled by default]
configure:3437: $? = 0
configure:3441: test -z 
			 || test ! -s conftest.err
configure:3444: $? = 0
configure:3447: test -s conftest
configure:3450: $? = 0
configure:3462: result: yes
configure:3469: checking for _doprnt
configure:3526: gcc -o conftest -g -O2   conftest.c  >&5
/tmp/cc5U5OKj.o:(.data+0x0): undefined reference to `_doprnt'
/tmp/cc5U5OKj.o: In function `main':
/root/Project/pack.3/nasm/conftest.c:61: undefined reference to `_doprnt'
collect2: ld returned 1 exit status
configure:3532: $? = 1
configure: failed program was:
| /* confdefs.h.  */
| 
| #define PACKAGE_NAME ""
| #define PACKAGE_TARNAME ""
| #define PACKAGE_VERSION ""
| #define PACKAGE_STRING ""
| #define PACKAGE_BUGREPORT ""
| #define STDC_HEADERS 1
| #define HAVE_SYS_TYPES_H 1
| #define HAVE_SYS_STAT_H 1
| #define HAVE_STDLIB_H 1
| #define HAVE_STRING_H 1
| #define HAVE_MEMORY_H 1
| #define HAVE_STRINGS_H 1
| #define HAVE_INTTYPES_H 1
| #define HAVE_STDINT_H 1
| #define HAVE_UNISTD_H 1
| #define HAVE_LIMITS_H 1
| #define HAVE_VPRINTF 1
| /* end confdefs.h.  */
| /* Define _doprnt to an innocuous variant, in case <limits.h> declares _doprnt.
|    For example, HP-UX 11i <limits.h> declares gettimeofday.  */
| #define _doprnt innocuous__doprnt
| 
| /* System header to define __stub macros and hopefully few prototypes,
|     which can conflict with char _doprnt (); below.
|     Prefer <limits.h> to <assert.h> if __STDC__ is defined, since
|     <limits.h> exists even on freestanding compilers.  */
| 
| #ifdef __STDC__
| # include <limits.h>
| #else
| # include <assert.h>
| #endif
| 
| #undef _doprnt
| 
| /* Override any gcc2 internal prototype to avoid an error.  */
| #ifdef __cplusplus
| extern "C"
| {
| #endif
| /* We use char because int might match the return type of a gcc2
|    builtin and then its argument prototype would still apply.  */
| char _doprnt ();
| /* The GNU C library defines this for functions which it implements
|     to always fail with ENOSYS.  Some functions are actually named
|     something starting with __ and the normal name is an alias.  */
| #if defined (__stub__doprnt) || defined (__stub____doprnt)
| choke me
| #else
| char (*f) () = _doprnt;
| #endif
| #ifdef __cplusplus
| }
| #endif
| 
| int
| main ()
| {
| return f != _doprnt;
|   ;
|   return 0;
| }
configure:3557: result: no
configure:3581: checking for strcspn
configure:3638: gcc -o conftest -g -O2   conftest.c  >&5
conftest.c:45:6: warning: conflicting types for built-in function 'strcspn' [enabled by default]
configure:3644: $? = 0
configure:3648: test -z 
			 || test ! -s conftest.err
configure:3651: $? = 0
configure:3654: test -s conftest
configure:3657: $? = 0
configure:3669: result: yes
configure:3689: checking for strspn
configure:3746: gcc -o conftest -g -O2   conftest.c  >&5
conftest.c:46:6: warning: conflicting types for built-in function 'strspn' [enabled by default]
configure:3752: $? = 0
configure:3756: test -z 
			 || test ! -s conftest.err
configure:3759: $? = 0
configure:3762: test -s conftest
configure:3765: $? = 0
configure:3777: result: yes
configure:3797: checking for snprintf
configure:3854: gcc -o conftest -g -O2   conftest.c  >&5
conftest.c:47:6: warning: conflicting types for built-in function 'snprintf' [enabled by default]
configure:3860: $? = 0
configure:3864: test -z 
			 || test ! -s conftest.err
configure:3867: $? = 0
configure:3870: test -s conftest
configure:3873: $? = 0
configure:3885: result: yes
configure:3905: checking for vsnprintf
configure:3962: gcc -o conftest -g -O2   conftest.c  >&5
conftest.c:48:6: warning: conflicting types for built-in function 'vsnprintf' [enabled by default]
configure:3968: $? = 0
configure:3972: test -z 
			 || test ! -s conftest.err
configure:3975: $? = 0
configure:3978: test -s conftest
configure:3981: $? = 0
configure:3993: result: yes
configure:4114: creating ./config.status

## ---------------------- ##
## Running config.status. ##
## ---------------------- ##

This file was extended by config.status, which was
generated by GNU Autoconf 2.59.  Invocation command line was

  CONFIG_FILES    = 
  CONFIG_HEADERS  = 
  CONFIG_LINKS    = 
  CONFIG_COMMANDS = 
  $ ./config.status 

on chapram.nitw.ac.in

config.status:668: creating Makefile
config.status:668: creating rdoff/Makefile
config.status:668: creating doc/Makefile
config.status:772: creating config.h
config.status:886: config.h is unchanged
config.status:1044: executing default-1 commands

## ---------------- ##
## Cache variables. ##
## ---------------- ##

ac_cv_c_compiler_gnu=yes
ac_cv_c_const=yes
ac_cv_env_CC_set=
ac_cv_env_CC_value=
ac_cv_env_CFLAGS_set=
ac_cv_env_CFLAGS_value=
ac_cv_env_CPPFLAGS_set=
ac_cv_env_CPPFLAGS_value=
ac_cv_env_CPP_set=
ac_cv_env_CPP_value=
ac_cv_env_LDFLAGS_set=
ac_cv_env_LDFLAGS_value=
ac_cv_env_build_alias_set=
ac_cv_env_build_alias_value=
ac_cv_env_host_alias_set=
ac_cv_env_host_alias_value=
ac_cv_env_target_alias_set=
ac_cv_env_target_alias_value=
ac_cv_exeext=
ac_cv_func__doprnt=no
ac_cv_func_snprintf=yes
ac_cv_func_strcspn=yes
ac_cv_func_strspn=yes
ac_cv_func_vprintf=yes
ac_cv_func_vsnprintf=yes
ac_cv_header_inttypes_h=yes
ac_cv_header_limits_h=yes
ac_cv_header_memory_h=yes
ac_cv_header_stdc=yes
ac_cv_header_stdint_h=yes
ac_cv_header_stdlib_h=yes
ac_cv_header_string_h=yes
ac_cv_header_strings_h=yes
ac_cv_header_sys_stat_h=yes
ac_cv_header_sys_types_h=yes
ac_cv_header_unistd_h=yes
ac_cv_objext=o
ac_cv_path_ac_prefix_program=/usr/local/bin/nasm
ac_cv_path_install='/usr/bin/install -c'
ac_cv_prog_CPP='gcc -E'
ac_cv_prog_NROFF=nroff
ac_cv_prog_ac_ct_CC=gcc
ac_cv_prog_cc_g=yes
ac_cv_prog_cc_stdc=
ac_cv_prog_egrep='grep -E'
ac_cv_prog_make_make_set=yes
ac_cv_prog_make_vpathok=yes
ac_cv_type_size_t=yes

## ----------------- ##
## Output variables. ##
## ----------------- ##

CC='gcc'
CFLAGS='-g -O2'
CPP='gcc -E'
CPPFLAGS=''
DEFS='-DHAVE_CONFIG_H'
ECHO_C=''
ECHO_N='-n'
ECHO_T=''
EGREP='grep -E'
EXEEXT=''
GCCFLAGS='-Wall -std=c99 -pedantic'
INSTALL_DATA='${INSTALL} -m 644'
INSTALL_PROGRAM='${INSTALL}'
INSTALL_SCRIPT='${INSTALL}'
LDFLAGS=''
LIBOBJS=''
LIBS=''
LN_S='ln -s'
LTLIBOBJS=''
NROFF='nroff'
OBJEXT='o'
PACKAGE_BUGREPORT=''
PACKAGE_NAME=''
PACKAGE_STRING=''
PACKAGE_TARNAME=''
PACKAGE_VERSION=''
PATH_SEPARATOR=':'
SET_MAKE=''
SHELL='/bin/sh'
ac_ct_CC='gcc'
ac_prefix_program='/usr/local/bin/nasm'
bindir='${exec_prefix}/bin'
build_alias=''
datadir='${prefix}/share'
exec_prefix='${prefix}'
host_alias=''
includedir='${prefix}/include'
infodir='${prefix}/info'
libdir='${exec_prefix}/lib'
libexecdir='${exec_prefix}/libexec'
localstatedir='${prefix}/var'
mandir='${prefix}/man'
oldincludedir='/usr/include'
prefix='/usr/local'
program_transform_name='s,x,x,'
sbindir='${exec_prefix}/sbin'
sharedstatedir='${prefix}/com'
sysconfdir='${prefix}/etc'
target_alias=''

## ----------- ##
## confdefs.h. ##
## ----------- ##

#define HAVE_INTTYPES_H 1
#define HAVE_LIMITS_H 1
#define HAVE_MEMORY_H 1
#define HAVE_SNPRINTF 1
#define HAVE_STDINT_H 1
#define HAVE_STDLIB_H 1
#define HAVE_STRCSPN 1
#define HAVE_STRINGS_H 1
#define HAVE_STRING_H 1
#define HAVE_STRSPN 1
#define HAVE_SYS_STAT_H 1
#define HAVE_SYS_TYPES_H 1
#define HAVE_UNISTD_H 1
#define HAVE_VPRINTF 1
#define HAVE_VSNPRINTF 1
#define PACKAGE_BUGREPORT ""
#define PACKAGE_NAME ""
#define PACKAGE_STRING ""
#define PACKAGE_TARNAME ""
#define PACKAGE_VERSION ""
#define STDC_HEADERS 1

configure: exit 0
